<?xml version="1.0" encoding="UTF-8"?>
<testng-results ignored="0" total="2" passed="2" failed="0" skipped="0">
  <reporter-output>
  </reporter-output>
  <suite started-at="2026-05-25T18:54:54 JST" name="Default suite" finished-at="2026-05-25T18:55:25 JST" duration-ms="31238">
    <groups>
    </groups>
    <test started-at="2026-05-25T18:54:54 JST" name="Default test" finished-at="2026-05-25T18:55:25 JST" duration-ms="31238">
      <class name="tests.UpdateBranchTest">
        <test-method is-config="true" signature="setUp()[pri:0, instance:tests.UpdateBranchTest@6c61a903]" started-at="2026-05-25T18:54:54 JST" name="setUp" finished-at="2026-05-25T18:54:56 JST" duration-ms="2140" status="PASS">
          <reporter-output>
          </reporter-output>
        </test-method> <!-- setUp -->
        <test-method is-config="true" signature="loginBeforeEditBranch()[pri:0, instance:tests.UpdateBranchTest@6c61a903]" started-at="2026-05-25T18:54:56 JST" name="loginBeforeEditBranch" finished-at="2026-05-25T18:55:12 JST" duration-ms="16137" status="PASS">
          <reporter-output>
          </reporter-output>
        </test-method> <!-- loginBeforeEditBranch -->
        <test-method signature="testVerifyEditBranch()[pri:1, instance:tests.UpdateBranchTest@6c61a903]" started-at="2026-05-25T18:55:12 JST" name="testVerifyEditBranch" finished-at="2026-05-25T18:55:20 JST" duration-ms="7738" status="PASS">
          <reporter-output>
          </reporter-output>
        </test-method> <!-- testVerifyEditBranch -->
        <test-method signature="testSaveBranch()[pri:2, instance:tests.UpdateBranchTest@6c61a903]" started-at="2026-05-25T18:55:20 JST" name="testSaveBranch" finished-at="2026-05-25T18:55:25 JST" duration-ms="5113" status="PASS">
          <reporter-output>
          </reporter-output>
        </test-method> <!-- testSaveBranch -->
      </class> <!-- tests.UpdateBranchTest -->
    </test> <!-- Default test -->
  </suite> <!-- Default suite -->
</testng-results>
