<?xml version="1.0" encoding="UTF-8"?>
<!-- Generated by org.testng.reporters.JUnitReportReporter -->
<testsuite hostname="PC0025" failures="0" tests="3" name="tests.CreateBusinessTest" time="28.715" errors="0" timestamp="2026-05-22T18:10:50 JST" skipped="0">
  <testcase classname="tests.CreateBusinessTest" name="testRequiredFields_ValidationMessage" time="6.876"/>
  <testcase classname="tests.CreateBusinessTest" name="testCreateBusiness_FillForm" time="10.398"/>
  <testcase classname="tests.CreateBusinessTest" name="testVerifyCreatedBusiness" time="11.441"/>
</testsuite> <!-- tests.CreateBusinessTest -->
