<?xml version="1.0" encoding="UTF-8"?>
<!-- Generated by org.testng.reporters.JUnitReportReporter -->
<testsuite hostname="PC0025" failures="0" tests="1" name="CSI.CSI_Automation.CreateBusinessTest" time="0.595" errors="1" timestamp="2026-05-07T16:16:04 JST" skipped="0">
  <testcase classname="CSI.CSI_Automation.CreateBusinessTest" name="testCreateBusiness_FillForm" time="0.595">
    <error message="
[public void CSI.CSI_Automation.CreateBusinessTest.testCreateBusiness_FillForm(java.lang.String,java.lang.String,java.lang.String,java.lang.String,java.lang.String,java.lang.String,java.lang.String,java.lang.String,java.lang.String,java.lang.String,java.lang.String,java.lang.String,java.lang.String,java.lang.String,java.lang.String,java.lang.String,java.lang.String,java.lang.String,java.lang.String,java.lang.String,java.lang.String,java.lang.String)] has no parameters defined but was found to be using a data provider (either explicitly specified or inherited from class level annotation).
Data provider mismatch
Method: testCreateBusiness_FillForm([java.lang.String arg0, java.lang.String arg1, java.lang.String arg2, java.lang.String arg3, java.lang.String arg4, java.lang.String arg5, java.lang.String arg6, java.lang.String arg7, java.lang.String arg8, java.lang.String arg9, java.lang.String arg10, java.lang.String arg11, java.lang.String arg12, java.lang.String arg13, java.lang.String arg14, java.lang.String arg15, java.lang.String arg16, java.lang.String arg17, java.lang.String arg18, java.lang.String arg19, java.lang.String arg20, java.lang.String arg21])
Arguments: [(java.lang.String) Hoang,(java.lang.String) Phuong,(java.lang.String) ホアン,(java.lang.String) フオン,(java.lang.String) 女性,(java.lang.String) 1995-10-10,(java.lang.String) 090,(java.lang.String) 11223399,(java.lang.String) hoang.phuong110@example.com,(java.lang.String) 080,(java.lang.String) 99887711,(java.lang.String) phuong110.sub@example.jp,(java.lang.String) 180-0002,(java.lang.String) 東京都,(java.lang.String) 武蔵野市,(java.lang.String) 吉祥寺本町,(java.lang.String) 4-5-6,(java.lang.String) Kichijoji Center 1001,(java.lang.String) 店舗直来店,(java.lang.String) NETフリー,(java.lang.String) 来店動機]" type="org.testng.internal.reflect.MethodMatcherException">
      <![CDATA[org.testng.internal.reflect.MethodMatcherException: 
[public void CSI.CSI_Automation.CreateBusinessTest.testCreateBusiness_FillForm(java.lang.String,java.lang.String,java.lang.String,java.lang.String,java.lang.String,java.lang.String,java.lang.String,java.lang.String,java.lang.String,java.lang.String,java.lang.String,java.lang.String,java.lang.String,java.lang.String,java.lang.String,java.lang.String,java.lang.String,java.lang.String,java.lang.String,java.lang.String,java.lang.String,java.lang.String)] has no parameters defined but was found to be using a data provider (either explicitly specified or inherited from class level annotation).
Data provider mismatch
Method: testCreateBusiness_FillForm([java.lang.String arg0, java.lang.String arg1, java.lang.String arg2, java.lang.String arg3, java.lang.String arg4, java.lang.String arg5, java.lang.String arg6, java.lang.String arg7, java.lang.String arg8, java.lang.String arg9, java.lang.String arg10, java.lang.String arg11, java.lang.String arg12, java.lang.String arg13, java.lang.String arg14, java.lang.String arg15, java.lang.String arg16, java.lang.String arg17, java.lang.String arg18, java.lang.String arg19, java.lang.String arg20, java.lang.String arg21])
Arguments: [(java.lang.String) Hoang,(java.lang.String) Phuong,(java.lang.String) ホアン,(java.lang.String) フオン,(java.lang.String) 女性,(java.lang.String) 1995-10-10,(java.lang.String) 090,(java.lang.String) 11223399,(java.lang.String) hoang.phuong110@example.com,(java.lang.String) 080,(java.lang.String) 99887711,(java.lang.String) phuong110.sub@example.jp,(java.lang.String) 180-0002,(java.lang.String) 東京都,(java.lang.String) 武蔵野市,(java.lang.String) 吉祥寺本町,(java.lang.String) 4-5-6,(java.lang.String) Kichijoji Center 1001,(java.lang.String) 店舗直来店,(java.lang.String) NETフリー,(java.lang.String) 来店動機]
at org.testng.internal.reflect.DataProviderMethodMatcher.getConformingArguments(DataProviderMethodMatcher.java:46)
at org.testng.internal.Parameters.injectParameters(Parameters.java:915)
at org.testng.internal.invokers.MethodRunner.runInSequence(MethodRunner.java:50)
at org.testng.internal.invokers.TestInvoker$MethodInvocationAgent.invoke(TestInvoker.java:995)
at org.testng.internal.invokers.TestInvoker.invokeTestMethods(TestInvoker.java:203)
at org.testng.internal.invokers.TestMethodWorker.invokeTestMethods(TestMethodWorker.java:154)
at org.testng.internal.invokers.TestMethodWorker.run(TestMethodWorker.java:134)
at java.base/java.util.ArrayList.forEach(ArrayList.java:1597)
at org.testng.TestRunner.privateRun(TestRunner.java:741)
at org.testng.TestRunner.run(TestRunner.java:616)
at org.testng.SuiteRunner.runTest(SuiteRunner.java:421)
at org.testng.SuiteRunner.runSequentially(SuiteRunner.java:413)
at org.testng.SuiteRunner.privateRun(SuiteRunner.java:373)
at org.testng.SuiteRunner.run(SuiteRunner.java:312)
at org.testng.SuiteRunnerWorker.runSuite(SuiteRunnerWorker.java:52)
at org.testng.SuiteRunnerWorker.run(SuiteRunnerWorker.java:95)
at org.testng.TestNG.runSuitesSequentially(TestNG.java:1274)
at org.testng.TestNG.runSuitesLocally(TestNG.java:1208)
at org.testng.TestNG.runSuites(TestNG.java:1112)
at org.testng.TestNG.run(TestNG.java:1079)
at org.testng.remote.AbstractRemoteTestNG.run(AbstractRemoteTestNG.java:115)
at org.testng.remote.RemoteTestNG.initAndRun(RemoteTestNG.java:293)
at org.testng.remote.RemoteTestNG.main(RemoteTestNG.java:91)
]]>
    </error>
  </testcase> <!-- testCreateBusiness_FillForm -->
</testsuite> <!-- CSI.CSI_Automation.CreateBusinessTest -->
