<?xml version="1.0" encoding="UTF-8"?>
<!-- Generated by org.testng.reporters.JUnitReportReporter -->
<testsuite hostname="PC0025" failures="0" tests="2" name="CSI.CSI_Automation.LoginTest" time="48.994" errors="0" timestamp="2026-05-06T18:55:28 JST" skipped="0">
  <testcase classname="CSI.CSI_Automation.LoginTest" name="testLogin_Failed_UnregisteredUser" time="18.165"/>
  <testcase classname="CSI.CSI_Automation.LoginTest" name="testLogin_Successful" time="30.829"/>
</testsuite> <!-- CSI.CSI_Automation.LoginTest -->
